0 info it worked if it ends with ok
1 verbose cli [ '/Users/kdklv/.nvm/v0.10.45/bin/node',
1 verbose cli   '/Users/kdklv/.nvm/v0.10.45/bin/npm',
1 verbose cli   'install' ]
2 info using npm@2.15.1
3 info using node@v0.10.45
4 verbose config Skipping project config: /Users/kdklv/.npmrc. (matches userconfig)
5 verbose readDependencies loading dependencies from /Users/kdklv/package.json
6 error install Couldn't read dependencies
7 verbose stack Error: ENOENT, open '/Users/kdklv/package.json'
8 verbose cwd /Users/kdklv/Documents/GitHub/kdklv/p5matter
9 error Darwin 16.7.0
10 error argv "/Users/kdklv/.nvm/v0.10.45/bin/node" "/Users/kdklv/.nvm/v0.10.45/bin/npm" "install"
11 error node v0.10.45
12 error npm  v2.15.1
13 error path /Users/kdklv/package.json
14 error code ENOPACKAGEJSON
15 error errno 34
16 error package.json ENOENT, open '/Users/kdklv/package.json'
16 error package.json This is most likely not a problem with npm itself.
16 error package.json npm can't find a package.json file in your current directory.
17 verbose exit [ 34, true ]
